<?xml version="1.0" encoding="UTF-8"?>
<!-- Generated by org.testng.reporters.JUnitReportReporter -->
<testsuite hostname="LIN66008841" failures="0" tests="1" name="testCases.TC_001_AccountRegistrationTest" time="18.091" errors="0" timestamp="2024-06-18T13:08:48 IST" skipped="0">
  <testcase classname="testCases.TC_001_AccountRegistrationTest" name="verify_account_registration" time="18.091"/>
</testsuite> <!-- testCases.TC_001_AccountRegistrationTest -->
